{"C:\\Users\\Felipe Castiblanco\\Desktop\\GlaucomApp-frontend\\assets\\icons\\frame.png": {"path":"C:\\Users\\Felipe Castiblanco\\Desktop\\GlaucomApp-frontend\\assets\\icons\\frame.png","statementMap":{"0":{"start":{"line":1,"column":0},"end":{"line":1,"column":19}}},"fnMap":{},"branchMap":{},"s":{"0":1},"f":{},"b":{},"_coverageSchema":"1a1c01bbd47fc00a2c39e90264f33305004495a9","hash":"e638df30e04ece1b0934e304c6a9150eb6f86b64"}
,"C:\\Users\\Felipe Castiblanco\\Desktop\\GlaucomApp-frontend\\assets\\images\\logo.png": {"path":"C:\\Users\\Felipe Castiblanco\\Desktop\\GlaucomApp-frontend\\assets\\images\\logo.png","statementMap":{"0":{"start":{"line":1,"column":0},"end":{"line":1,"column":19}}},"fnMap":{},"branchMap":{},"s":{"0":2},"f":{},"b":{},"_coverageSchema":"1a1c01bbd47fc00a2c39e90264f33305004495a9","hash":"7ae95db8d172d5a49e1e4c8b66207c3dffed2e59"}
,"C:\\Users\\Felipe Castiblanco\\Desktop\\GlaucomApp-frontend\\src\\components\\auth\\InputField.jsx": {"path":"C:\\Users\\Felipe Castiblanco\\Desktop\\GlaucomApp-frontend\\src\\components\\auth\\InputField.jsx","statementMap":{"0":{"start":{"line":6,"column":19},"end":{"line":40,"column":1}},"1":{"start":{"line":7,"column":35},"end":{"line":7,"column":49}},"2":{"start":{"line":8,"column":54},"end":{"line":8,"column":85}},"3":{"start":{"line":10,"column":37},"end":{"line":14,"column":5}},"4":{"start":{"line":11,"column":8},"end":{"line":13,"column":9}},"5":{"start":{"line":12,"column":12},"end":{"line":12,"column":53}},"6":{"start":{"line":16,"column":4},"end":{"line":39,"column":6}},"7":{"start":{"line":24,"column":43},"end":{"line":24,"column":66}},"8":{"start":{"line":42,"column":15},"end":{"line":68,"column":2}}},"fnMap":{"0":{"name":"(anonymous_0)","decl":{"start":{"line":6,"column":19},"end":{"line":6,"column":20}},"loc":{"start":{"line":6,"column":89},"end":{"line":40,"column":1}},"line":6},"1":{"name":"(anonymous_1)","decl":{"start":{"line":10,"column":37},"end":{"line":10,"column":38}},"loc":{"start":{"line":10,"column":43},"end":{"line":14,"column":5}},"line":10},"2":{"name":"(anonymous_2)","decl":{"start":{"line":24,"column":34},"end":{"line":24,"column":35}},"loc":{"start":{"line":24,"column":43},"end":{"line":24,"column":66}},"line":24}},"branchMap":{"0":{"loc":{"start":{"line":6,"column":50},"end":{"line":6,"column":73}},"type":"default-arg","locations":[{"start":{"line":6,"column":68},"end":{"line":6,"column":73}}],"line":6},"1":{"loc":{"start":{"line":11,"column":8},"end":{"line":13,"column":9}},"type":"if","locations":[{"start":{"line":11,"column":8},"end":{"line":13,"column":9}},{"start":{},"end":{}}],"line":11},"2":{"loc":{"start":{"line":30,"column":30},"end":{"line":30,"column":70}},"type":"cond-expr","locations":[{"start":{"line":30,"column":50},"end":{"line":30,"column":59}},{"start":{"line":30,"column":62},"end":{"line":30,"column":70}}],"line":30},"3":{"loc":{"start":{"line":37,"column":13},"end":{"line":37,"column":77}},"type":"binary-expr","locations":[{"start":{"line":37,"column":13},"end":{"line":37,"column":23}},{"start":{"line":37,"column":27},"end":{"line":37,"column":77}}],"line":37}},"s":{"0":1,"1":44,"2":44,"3":44,"4":0,"5":0,"6":44,"7":4,"8":1},"f":{"0":44,"1":0,"2":4},"b":{"0":[22],"1":[0,0],"2":[22,22],"3":[44,4]},"_coverageSchema":"1a1c01bbd47fc00a2c39e90264f33305004495a9","hash":"618fdbaf9bedeb04ca193cec47ae6da6525f85b6"}
,"C:\\Users\\Felipe Castiblanco\\Desktop\\GlaucomApp-frontend\\src\\components\\auth\\LogoHeader.jsx": {"path":"C:\\Users\\Felipe Castiblanco\\Desktop\\GlaucomApp-frontend\\src\\components\\auth\\LogoHeader.jsx","statementMap":{"0":{"start":{"line":4,"column":19},"end":{"line":20,"column":1}},"1":{"start":{"line":5,"column":4},"end":{"line":19,"column":6}},"2":{"start":{"line":22,"column":15},"end":{"line":48,"column":2}}},"fnMap":{"0":{"name":"(anonymous_0)","decl":{"start":{"line":4,"column":19},"end":{"line":4,"column":20}},"loc":{"start":{"line":4,"column":25},"end":{"line":20,"column":1}},"line":4}},"branchMap":{},"s":{"0":2,"1":25,"2":2},"f":{"0":25},"b":{},"_coverageSchema":"1a1c01bbd47fc00a2c39e90264f33305004495a9","hash":"46991f16ae9ee3bd2dc306852619ab2249edcf1b"}
,"C:\\Users\\Felipe Castiblanco\\Desktop\\GlaucomApp-frontend\\src\\components\\auth\\TextLink.jsx": {"path":"C:\\Users\\Felipe Castiblanco\\Desktop\\GlaucomApp-frontend\\src\\components\\auth\\TextLink.jsx","statementMap":{"0":{"start":{"line":4,"column":17},"end":{"line":10,"column":1}},"1":{"start":{"line":5,"column":4},"end":{"line":9,"column":6}},"2":{"start":{"line":12,"column":15},"end":{"line":21,"column":2}}},"fnMap":{"0":{"name":"(anonymous_0)","decl":{"start":{"line":4,"column":17},"end":{"line":4,"column":18}},"loc":{"start":{"line":4,"column":41},"end":{"line":10,"column":1}},"line":4}},"branchMap":{},"s":{"0":2,"1":25,"2":2},"f":{"0":25},"b":{},"_coverageSchema":"1a1c01bbd47fc00a2c39e90264f33305004495a9","hash":"788acdc1099d0b701097064bdf1a4e929f5a5ae9"}
,"C:\\Users\\Felipe Castiblanco\\Desktop\\GlaucomApp-frontend\\src\\components\\home\\DataDisplay.jsx": {"path":"C:\\Users\\Felipe Castiblanco\\Desktop\\GlaucomApp-frontend\\src\\components\\home\\DataDisplay.jsx","statementMap":{"0":{"start":{"line":4,"column":20},"end":{"line":11,"column":1}},"1":{"start":{"line":5,"column":4},"end":{"line":10,"column":6}},"2":{"start":{"line":13,"column":15},"end":{"line":28,"column":2}}},"fnMap":{"0":{"name":"(anonymous_0)","decl":{"start":{"line":4,"column":20},"end":{"line":4,"column":21}},"loc":{"start":{"line":4,"column":42},"end":{"line":11,"column":1}},"line":4}},"branchMap":{},"s":{"0":1,"1":3,"2":1},"f":{"0":3},"b":{},"_coverageSchema":"1a1c01bbd47fc00a2c39e90264f33305004495a9","hash":"b0aeeb500acb02e79f69fba37a201dffa8d94f23"}
,"C:\\Users\\Felipe Castiblanco\\Desktop\\GlaucomApp-frontend\\src\\components\\home\\ImageDisplay.jsx": {"path":"C:\\Users\\Felipe Castiblanco\\Desktop\\GlaucomApp-frontend\\src\\components\\home\\ImageDisplay.jsx","statementMap":{"0":{"start":{"line":4,"column":21},"end":{"line":12,"column":1}},"1":{"start":{"line":5,"column":4},"end":{"line":11,"column":11}},"2":{"start":{"line":14,"column":15},"end":{"line":32,"column":2}}},"fnMap":{"0":{"name":"(anonymous_0)","decl":{"start":{"line":4,"column":21},"end":{"line":4,"column":22}},"loc":{"start":{"line":5,"column":4},"end":{"line":11,"column":11}},"line":5}},"branchMap":{"0":{"loc":{"start":{"line":6,"column":9},"end":{"line":10,"column":9}},"type":"cond-expr","locations":[{"start":{"line":7,"column":12},"end":{"line":7,"column":94}},{"start":{"line":9,"column":12},"end":{"line":9,"column":79}}],"line":6}},"s":{"0":2,"1":10,"2":2},"f":{"0":10},"b":{"0":[4,6]},"_coverageSchema":"1a1c01bbd47fc00a2c39e90264f33305004495a9","hash":"4057f008368853cadb3b8e1c5819269bb759b89e"}
,"C:\\Users\\Felipe Castiblanco\\Desktop\\GlaucomApp-frontend\\src\\components\\home\\ImageSelector.jsx": {"path":"C:\\Users\\Felipe Castiblanco\\Desktop\\GlaucomApp-frontend\\src\\components\\home\\ImageSelector.jsx","statementMap":{"0":{"start":{"line":4,"column":22},"end":{"line":9,"column":1}},"1":{"start":{"line":5,"column":4},"end":{"line":8,"column":23}},"2":{"start":{"line":11,"column":15},"end":{"line":33,"column":2}}},"fnMap":{"0":{"name":"(anonymous_0)","decl":{"start":{"line":4,"column":22},"end":{"line":4,"column":23}},"loc":{"start":{"line":5,"column":4},"end":{"line":8,"column":23}},"line":5}},"branchMap":{},"s":{"0":2,"1":15,"2":2},"f":{"0":15},"b":{},"_coverageSchema":"1a1c01bbd47fc00a2c39e90264f33305004495a9","hash":"9ed2f6fadb044a23b21ae7e31e8e4b566a163850"}
,"C:\\Users\\Felipe Castiblanco\\Desktop\\GlaucomApp-frontend\\src\\components\\home\\ResultMessage.jsx": {"path":"C:\\Users\\Felipe Castiblanco\\Desktop\\GlaucomApp-frontend\\src\\components\\home\\ResultMessage.jsx","statementMap":{"0":{"start":{"line":5,"column":22},"end":{"line":16,"column":1}},"1":{"start":{"line":6,"column":4},"end":{"line":15,"column":11}},"2":{"start":{"line":18,"column":15},"end":{"line":23,"column":2}}},"fnMap":{"0":{"name":"(anonymous_0)","decl":{"start":{"line":5,"column":22},"end":{"line":5,"column":23}},"loc":{"start":{"line":6,"column":4},"end":{"line":15,"column":11}},"line":6}},"branchMap":{"0":{"loc":{"start":{"line":7,"column":22},"end":{"line":7,"column":61}},"type":"cond-expr","locations":[{"start":{"line":7,"column":32},"end":{"line":7,"column":46}},{"start":{"line":7,"column":49},"end":{"line":7,"column":61}}],"line":7},"1":{"loc":{"start":{"line":9,"column":22},"end":{"line":9,"column":57}},"type":"cond-expr","locations":[{"start":{"line":9,"column":32},"end":{"line":9,"column":46}},{"start":{"line":9,"column":49},"end":{"line":9,"column":57}}],"line":9},"2":{"loc":{"start":{"line":11,"column":23},"end":{"line":11,"column":48}},"type":"cond-expr","locations":[{"start":{"line":11,"column":33},"end":{"line":11,"column":40}},{"start":{"line":11,"column":43},"end":{"line":11,"column":48}}],"line":11},"3":{"loc":{"start":{"line":14,"column":15},"end":{"line":14,"column":91}},"type":"cond-expr","locations":[{"start":{"line":14,"column":25},"end":{"line":14,"column":58}},{"start":{"line":14,"column":61},"end":{"line":14,"column":91}}],"line":14}},"s":{"0":1,"1":2,"2":1},"f":{"0":2},"b":{"0":[1,1],"1":[1,1],"2":[1,1],"3":[1,1]},"_coverageSchema":"1a1c01bbd47fc00a2c39e90264f33305004495a9","hash":"f3fa10530db411dad3b041b2405f091eabc29372"}
,"C:\\Users\\Felipe Castiblanco\\Desktop\\GlaucomApp-frontend\\src\\components\\patient\\PatientItem.jsx": {"path":"C:\\Users\\Felipe Castiblanco\\Desktop\\GlaucomApp-frontend\\src\\components\\patient\\PatientItem.jsx","statementMap":{"0":{"start":{"line":4,"column":20},"end":{"line":13,"column":1}},"1":{"start":{"line":5,"column":4},"end":{"line":12,"column":6}},"2":{"start":{"line":15,"column":15},"end":{"line":35,"column":2}}},"fnMap":{"0":{"name":"(anonymous_0)","decl":{"start":{"line":4,"column":20},"end":{"line":4,"column":21}},"loc":{"start":{"line":4,"column":51},"end":{"line":13,"column":1}},"line":4}},"branchMap":{},"s":{"0":2,"1":15,"2":2},"f":{"0":15},"b":{},"_coverageSchema":"1a1c01bbd47fc00a2c39e90264f33305004495a9","hash":"713ae941af9fdae8c43acd2e78e2e0788cf51dc2"}
,"C:\\Users\\Felipe Castiblanco\\Desktop\\GlaucomApp-frontend\\src\\components\\patient\\PatientList.jsx": {"path":"C:\\Users\\Felipe Castiblanco\\Desktop\\GlaucomApp-frontend\\src\\components\\patient\\PatientList.jsx","statementMap":{"0":{"start":{"line":7,"column":20},"end":{"line":28,"column":1}},"1":{"start":{"line":8,"column":23},"end":{"line":14,"column":5}},"2":{"start":{"line":9,"column":8},"end":{"line":13,"column":10}},"3":{"start":{"line":12,"column":27},"end":{"line":12,"column":81}},"4":{"start":{"line":16,"column":4},"end":{"line":27,"column":6}},"5":{"start":{"line":19,"column":34},"end":{"line":19,"column":59}}},"fnMap":{"0":{"name":"(anonymous_0)","decl":{"start":{"line":7,"column":20},"end":{"line":7,"column":21}},"loc":{"start":{"line":7,"column":101},"end":{"line":28,"column":1}},"line":7},"1":{"name":"(anonymous_1)","decl":{"start":{"line":8,"column":23},"end":{"line":8,"column":24}},"loc":{"start":{"line":9,"column":8},"end":{"line":13,"column":10}},"line":9},"2":{"name":"(anonymous_2)","decl":{"start":{"line":12,"column":21},"end":{"line":12,"column":22}},"loc":{"start":{"line":12,"column":27},"end":{"line":12,"column":81}},"line":12},"3":{"name":"(anonymous_3)","decl":{"start":{"line":19,"column":26},"end":{"line":19,"column":27}},"loc":{"start":{"line":19,"column":34},"end":{"line":19,"column":59}},"line":19}},"branchMap":{"0":{"loc":{"start":{"line":24,"column":33},"end":{"line":24,"column":103}},"type":"cond-expr","locations":[{"start":{"line":24,"column":47},"end":{"line":24,"column":96}},{"start":{"line":24,"column":99},"end":{"line":24,"column":103}}],"line":24}},"s":{"0":1,"1":4,"2":12,"3":1,"4":4,"5":16},"f":{"0":4,"1":12,"2":1,"3":16},"b":{"0":[1,3]},"_coverageSchema":"1a1c01bbd47fc00a2c39e90264f33305004495a9","hash":"7471846127519cfb619bd94852395e605c2e3c56"}
,"C:\\Users\\Felipe Castiblanco\\Desktop\\GlaucomApp-frontend\\src\\components\\shared\\LoadingIndicator.jsx": {"path":"C:\\Users\\Felipe Castiblanco\\Desktop\\GlaucomApp-frontend\\src\\components\\shared\\LoadingIndicator.jsx","statementMap":{"0":{"start":{"line":4,"column":25},"end":{"line":9,"column":1}},"1":{"start":{"line":5,"column":4},"end":{"line":8,"column":11}},"2":{"start":{"line":11,"column":15},"end":{"line":16,"column":2}}},"fnMap":{"0":{"name":"(anonymous_0)","decl":{"start":{"line":4,"column":25},"end":{"line":4,"column":26}},"loc":{"start":{"line":5,"column":4},"end":{"line":8,"column":11}},"line":5}},"branchMap":{},"s":{"0":2,"1":2,"2":2},"f":{"0":2},"b":{},"_coverageSchema":"1a1c01bbd47fc00a2c39e90264f33305004495a9","hash":"e59d9325dcfae457eafb28cb0cca5798ffc9a4d7"}
,"C:\\Users\\Felipe Castiblanco\\Desktop\\GlaucomApp-frontend\\src\\components\\shared\\MainHeader.jsx": {"path":"C:\\Users\\Felipe Castiblanco\\Desktop\\GlaucomApp-frontend\\src\\components\\shared\\MainHeader.jsx","statementMap":{"0":{"start":{"line":4,"column":19},"end":{"line":9,"column":1}},"1":{"start":{"line":5,"column":4},"end":{"line":8,"column":19}},"2":{"start":{"line":11,"column":15},"end":{"line":34,"column":2}}},"fnMap":{"0":{"name":"(anonymous_0)","decl":{"start":{"line":4,"column":19},"end":{"line":4,"column":20}},"loc":{"start":{"line":5,"column":4},"end":{"line":8,"column":19}},"line":5}},"branchMap":{},"s":{"0":2,"1":6,"2":2},"f":{"0":6},"b":{},"_coverageSchema":"1a1c01bbd47fc00a2c39e90264f33305004495a9","hash":"fa026aa43ddea0822e28cd3084e748001150aa8e"}
,"C:\\Users\\Felipe Castiblanco\\Desktop\\GlaucomApp-frontend\\src\\components\\shared\\PrimaryButton.jsx": {"path":"C:\\Users\\Felipe Castiblanco\\Desktop\\GlaucomApp-frontend\\src\\components\\shared\\PrimaryButton.jsx","statementMap":{"0":{"start":{"line":4,"column":22},"end":{"line":10,"column":1}},"1":{"start":{"line":5,"column":4},"end":{"line":9,"column":6}},"2":{"start":{"line":12,"column":15},"end":{"line":28,"column":2}}},"fnMap":{"0":{"name":"(anonymous_0)","decl":{"start":{"line":4,"column":22},"end":{"line":4,"column":23}},"loc":{"start":{"line":4,"column":46},"end":{"line":10,"column":1}},"line":4}},"branchMap":{},"s":{"0":3,"1":41,"2":3},"f":{"0":41},"b":{},"_coverageSchema":"1a1c01bbd47fc00a2c39e90264f33305004495a9","hash":"c9970a00adee8150e782fb921851d98eb17c00e5"}
,"C:\\Users\\Felipe Castiblanco\\Desktop\\GlaucomApp-frontend\\src\\hooks\\useBackExit.js": {"path":"C:\\Users\\Felipe Castiblanco\\Desktop\\GlaucomApp-frontend\\src\\hooks\\useBackExit.js","statementMap":{"0":{"start":{"line":6,"column":22},"end":{"line":6,"column":36}},"1":{"start":{"line":8,"column":4},"end":{"line":32,"column":20}},"2":{"start":{"line":9,"column":28},"end":{"line":23,"column":9}},"3":{"start":{"line":10,"column":12},"end":{"line":21,"column":13}},"4":{"start":{"line":11,"column":16},"end":{"line":19,"column":18}},"5":{"start":{"line":16,"column":56},"end":{"line":16,"column":77}},"6":{"start":{"line":20,"column":16},"end":{"line":20,"column":28}},"7":{"start":{"line":22,"column":12},"end":{"line":22,"column":25}},"8":{"start":{"line":25,"column":8},"end":{"line":27,"column":9}},"9":{"start":{"line":26,"column":12},"end":{"line":26,"column":75}},"10":{"start":{"line":29,"column":8},"end":{"line":31,"column":10}},"11":{"start":{"line":30,"column":12},"end":{"line":30,"column":78}}},"fnMap":{"0":{"name":"useBackExit","decl":{"start":{"line":5,"column":16},"end":{"line":5,"column":27}},"loc":{"start":{"line":5,"column":30},"end":{"line":33,"column":1}},"line":5},"1":{"name":"(anonymous_1)","decl":{"start":{"line":8,"column":20},"end":{"line":8,"column":21}},"loc":{"start":{"line":8,"column":26},"end":{"line":32,"column":5}},"line":8},"2":{"name":"(anonymous_2)","decl":{"start":{"line":9,"column":28},"end":{"line":9,"column":29}},"loc":{"start":{"line":9,"column":34},"end":{"line":23,"column":9}},"line":9},"3":{"name":"(anonymous_3)","decl":{"start":{"line":16,"column":50},"end":{"line":16,"column":51}},"loc":{"start":{"line":16,"column":56},"end":{"line":16,"column":77}},"line":16},"4":{"name":"(anonymous_4)","decl":{"start":{"line":29,"column":15},"end":{"line":29,"column":16}},"loc":{"start":{"line":29,"column":21},"end":{"line":31,"column":9}},"line":29}},"branchMap":{"0":{"loc":{"start":{"line":10,"column":12},"end":{"line":21,"column":13}},"type":"if","locations":[{"start":{"line":10,"column":12},"end":{"line":21,"column":13}},{"start":{},"end":{}}],"line":10},"1":{"loc":{"start":{"line":25,"column":8},"end":{"line":27,"column":9}},"type":"if","locations":[{"start":{"line":25,"column":8},"end":{"line":27,"column":9}},{"start":{},"end":{}}],"line":25}},"s":{"0":4,"1":4,"2":4,"3":0,"4":0,"5":0,"6":0,"7":0,"8":4,"9":4,"10":4,"11":4},"f":{"0":4,"1":4,"2":0,"3":0,"4":4},"b":{"0":[0,0],"1":[4,0]},"_coverageSchema":"1a1c01bbd47fc00a2c39e90264f33305004495a9","hash":"4f68dafcdc99619e03b8fecf7ba3b030d69c1ba8"}
,"C:\\Users\\Felipe Castiblanco\\Desktop\\GlaucomApp-frontend\\src\\screens\\authScreens\\LoginScreen.jsx": {"path":"C:\\Users\\Felipe Castiblanco\\Desktop\\GlaucomApp-frontend\\src\\screens\\authScreens\\LoginScreen.jsx","statementMap":{"0":{"start":{"line":11,"column":22},"end":{"line":14,"column":1}},"1":{"start":{"line":17,"column":24},"end":{"line":24,"column":5}},"2":{"start":{"line":18,"column":8},"end":{"line":23,"column":9}},"3":{"start":{"line":19,"column":12},"end":{"line":19,"column":66}},"4":{"start":{"line":20,"column":12},"end":{"line":20,"column":40}},"5":{"start":{"line":22,"column":12},"end":{"line":22,"column":48}},"6":{"start":{"line":26,"column":4},"end":{"line":51,"column":6}},"7":{"start":{"line":29,"column":16},"end":{"line":48,"column":18}},"8":{"start":{"line":46,"column":69},"end":{"line":46,"column":100}},"9":{"start":{"line":54,"column":15},"end":{"line":61,"column":2}}},"fnMap":{"0":{"name":"LoginScreen","decl":{"start":{"line":16,"column":24},"end":{"line":16,"column":35}},"loc":{"start":{"line":16,"column":52},"end":{"line":52,"column":1}},"line":16},"1":{"name":"(anonymous_1)","decl":{"start":{"line":17,"column":24},"end":{"line":17,"column":25}},"loc":{"start":{"line":17,"column":42},"end":{"line":24,"column":5}},"line":17},"2":{"name":"(anonymous_2)","decl":{"start":{"line":28,"column":13},"end":{"line":28,"column":14}},"loc":{"start":{"line":28,"column":35},"end":{"line":49,"column":13}},"line":28},"3":{"name":"(anonymous_3)","decl":{"start":{"line":46,"column":63},"end":{"line":46,"column":64}},"loc":{"start":{"line":46,"column":69},"end":{"line":46,"column":100}},"line":46}},"branchMap":{},"s":{"0":1,"1":4,"2":2,"3":2,"4":1,"5":1,"6":4,"7":22,"8":1,"9":1},"f":{"0":4,"1":2,"2":22,"3":1},"b":{},"_coverageSchema":"1a1c01bbd47fc00a2c39e90264f33305004495a9","hash":"2119eed9874b9eaed789c54a66e2f4b8b87e58ac"}
,"C:\\Users\\Felipe Castiblanco\\Desktop\\GlaucomApp-frontend\\src\\screens\\homeScreens\\AnalyzeScreen.jsx": {"path":"C:\\Users\\Felipe Castiblanco\\Desktop\\GlaucomApp-frontend\\src\\screens\\homeScreens\\AnalyzeScreen.jsx","statementMap":{"0":{"start":{"line":7,"column":22},"end":{"line":52,"column":1}},"1":{"start":{"line":8,"column":25},"end":{"line":8,"column":37}},"2":{"start":{"line":9,"column":46},"end":{"line":9,"column":60}},"3":{"start":{"line":10,"column":34},"end":{"line":10,"column":48}},"4":{"start":{"line":12,"column":4},"end":{"line":14,"column":19}},"5":{"start":{"line":13,"column":8},"end":{"line":13,"column":62}},"6":{"start":{"line":31,"column":24},"end":{"line":37,"column":5}},"7":{"start":{"line":32,"column":8},"end":{"line":36,"column":9}},"8":{"start":{"line":33,"column":12},"end":{"line":33,"column":67}},"9":{"start":{"line":35,"column":12},"end":{"line":35,"column":49}},"10":{"start":{"line":39,"column":4},"end":{"line":41,"column":5}},"11":{"start":{"line":40,"column":8},"end":{"line":40,"column":95}},"12":{"start":{"line":43,"column":4},"end":{"line":51,"column":6}},"13":{"start":{"line":48,"column":78},"end":{"line":48,"column":97}},"14":{"start":{"line":54,"column":15},"end":{"line":65,"column":2}}},"fnMap":{"0":{"name":"(anonymous_0)","decl":{"start":{"line":7,"column":22},"end":{"line":7,"column":23}},"loc":{"start":{"line":7,"column":49},"end":{"line":52,"column":1}},"line":7},"1":{"name":"(anonymous_1)","decl":{"start":{"line":12,"column":14},"end":{"line":12,"column":15}},"loc":{"start":{"line":12,"column":20},"end":{"line":14,"column":5}},"line":12},"2":{"name":"(anonymous_2)","decl":{"start":{"line":31,"column":24},"end":{"line":31,"column":25}},"loc":{"start":{"line":31,"column":30},"end":{"line":37,"column":5}},"line":31},"3":{"name":"(anonymous_3)","decl":{"start":{"line":48,"column":72},"end":{"line":48,"column":73}},"loc":{"start":{"line":48,"column":78},"end":{"line":48,"column":97}},"line":48}},"branchMap":{"0":{"loc":{"start":{"line":32,"column":8},"end":{"line":36,"column":9}},"type":"if","locations":[{"start":{"line":32,"column":8},"end":{"line":36,"column":9}},{"start":{"line":34,"column":15},"end":{"line":36,"column":9}}],"line":32},"1":{"loc":{"start":{"line":39,"column":4},"end":{"line":41,"column":5}},"type":"if","locations":[{"start":{"line":39,"column":4},"end":{"line":41,"column":5}},{"start":{},"end":{}}],"line":39}},"s":{"0":1,"1":8,"2":8,"3":8,"4":8,"5":4,"6":8,"7":2,"8":1,"9":1,"10":8,"11":4,"12":8,"13":1,"14":1},"f":{"0":8,"1":4,"2":2,"3":1},"b":{"0":[1,1],"1":[4,4]},"_coverageSchema":"1a1c01bbd47fc00a2c39e90264f33305004495a9","hash":"edc0cde8a08766a4e3ed34ee3f9dba195a20b108"}
,"C:\\Users\\Felipe Castiblanco\\Desktop\\GlaucomApp-frontend\\src\\screens\\homeScreens\\HomeScreen.jsx": {"path":"C:\\Users\\Felipe Castiblanco\\Desktop\\GlaucomApp-frontend\\src\\screens\\homeScreens\\HomeScreen.jsx","statementMap":{"0":{"start":{"line":11,"column":19},"end":{"line":48,"column":1}},"1":{"start":{"line":12,"column":40},"end":{"line":12,"column":52}},"2":{"start":{"line":14,"column":4},"end":{"line":14,"column":18}},"3":{"start":{"line":16,"column":4},"end":{"line":24,"column":11}},"4":{"start":{"line":17,"column":25},"end":{"line":22,"column":9}},"5":{"start":{"line":18,"column":33},"end":{"line":18,"column":75}},"6":{"start":{"line":19,"column":12},"end":{"line":21,"column":13}},"7":{"start":{"line":20,"column":16},"end":{"line":20,"column":44}},"8":{"start":{"line":23,"column":8},"end":{"line":23,"column":19}},"9":{"start":{"line":26,"column":4},"end":{"line":47,"column":6}},"10":{"start":{"line":31,"column":35},"end":{"line":31,"column":56}},"11":{"start":{"line":36,"column":35},"end":{"line":36,"column":59}},"12":{"start":{"line":41,"column":35},"end":{"line":41,"column":56}},"13":{"start":{"line":50,"column":15},"end":{"line":60,"column":2}}},"fnMap":{"0":{"name":"(anonymous_0)","decl":{"start":{"line":11,"column":19},"end":{"line":11,"column":20}},"loc":{"start":{"line":11,"column":39},"end":{"line":48,"column":1}},"line":11},"1":{"name":"(anonymous_1)","decl":{"start":{"line":16,"column":14},"end":{"line":16,"column":15}},"loc":{"start":{"line":16,"column":20},"end":{"line":24,"column":5}},"line":16},"2":{"name":"(anonymous_2)","decl":{"start":{"line":17,"column":25},"end":{"line":17,"column":26}},"loc":{"start":{"line":17,"column":37},"end":{"line":22,"column":9}},"line":17},"3":{"name":"(anonymous_3)","decl":{"start":{"line":31,"column":29},"end":{"line":31,"column":30}},"loc":{"start":{"line":31,"column":35},"end":{"line":31,"column":56}},"line":31},"4":{"name":"(anonymous_4)","decl":{"start":{"line":36,"column":29},"end":{"line":36,"column":30}},"loc":{"start":{"line":36,"column":35},"end":{"line":36,"column":59}},"line":36},"5":{"name":"(anonymous_5)","decl":{"start":{"line":41,"column":29},"end":{"line":41,"column":30}},"loc":{"start":{"line":41,"column":35},"end":{"line":41,"column":56}},"line":41}},"branchMap":{"0":{"loc":{"start":{"line":19,"column":12},"end":{"line":21,"column":13}},"type":"if","locations":[{"start":{"line":19,"column":12},"end":{"line":21,"column":13}},{"start":{},"end":{}}],"line":19}},"s":{"0":1,"1":4,"2":4,"3":4,"4":4,"5":4,"6":4,"7":0,"8":4,"9":4,"10":1,"11":1,"12":1,"13":1},"f":{"0":4,"1":4,"2":4,"3":1,"4":1,"5":1},"b":{"0":[0,4]},"_coverageSchema":"1a1c01bbd47fc00a2c39e90264f33305004495a9","hash":"8b9a6982e612e6365b6ea8b6918924bad2b38200"}
,"C:\\Users\\Felipe Castiblanco\\Desktop\\GlaucomApp-frontend\\src\\services\\accountApi.js": {"path":"C:\\Users\\Felipe Castiblanco\\Desktop\\GlaucomApp-frontend\\src\\services\\accountApi.js","statementMap":{"0":{"start":{"line":7,"column":18},"end":{"line":7,"column":53}},"1":{"start":{"line":8,"column":4},"end":{"line":10,"column":5}},"2":{"start":{"line":9,"column":8},"end":{"line":9,"column":64}},"3":{"start":{"line":12,"column":4},"end":{"line":12,"column":43}},"4":{"start":{"line":13,"column":4},"end":{"line":13,"column":50}},"5":{"start":{"line":15,"column":4},"end":{"line":39,"column":5}},"6":{"start":{"line":16,"column":25},"end":{"line":22,"column":10}},"7":{"start":{"line":25,"column":29},"end":{"line":25,"column":50}},"8":{"start":{"line":26,"column":8},"end":{"line":26,"column":64}},"9":{"start":{"line":30,"column":8},"end":{"line":32,"column":9}},"10":{"start":{"line":31,"column":12},"end":{"line":31,"column":59}},"11":{"start":{"line":35,"column":8},"end":{"line":35,"column":28}},"12":{"start":{"line":37,"column":8},"end":{"line":37,"column":61}},"13":{"start":{"line":38,"column":8},"end":{"line":38,"column":20}}},"fnMap":{"0":{"name":"deleteAccount","decl":{"start":{"line":5,"column":22},"end":{"line":5,"column":35}},"loc":{"start":{"line":5,"column":38},"end":{"line":40,"column":1}},"line":5}},"branchMap":{"0":{"loc":{"start":{"line":8,"column":4},"end":{"line":10,"column":5}},"type":"if","locations":[{"start":{"line":8,"column":4},"end":{"line":10,"column":5}},{"start":{},"end":{}}],"line":8},"1":{"loc":{"start":{"line":30,"column":8},"end":{"line":32,"column":9}},"type":"if","locations":[{"start":{"line":30,"column":8},"end":{"line":32,"column":9}},{"start":{},"end":{}}],"line":30}},"s":{"0":4,"1":4,"2":1,"3":3,"4":3,"5":3,"6":3,"7":2,"8":2,"9":2,"10":1,"11":1,"12":2,"13":2},"f":{"0":4},"b":{"0":[1,3],"1":[1,1]},"_coverageSchema":"1a1c01bbd47fc00a2c39e90264f33305004495a9","hash":"6c7aba76dfffb21fa97cd5191723000754a1b238"}
,"C:\\Users\\Felipe Castiblanco\\Desktop\\GlaucomApp-frontend\\src\\services\\authApi.js": {"path":"C:\\Users\\Felipe Castiblanco\\Desktop\\GlaucomApp-frontend\\src\\services\\authApi.js","statementMap":{"0":{"start":{"line":6,"column":20},"end":{"line":6,"column":63}},"1":{"start":{"line":7,"column":23},"end":{"line":7,"column":69}},"2":{"start":{"line":9,"column":16},"end":{"line":100,"column":1}},"3":{"start":{"line":11,"column":8},"end":{"line":42,"column":9}},"4":{"start":{"line":12,"column":12},"end":{"line":12,"column":54}},"5":{"start":{"line":13,"column":29},"end":{"line":13,"column":109}},"6":{"start":{"line":15,"column":12},"end":{"line":15,"column":70}},"7":{"start":{"line":18,"column":32},"end":{"line":18,"column":110}},"8":{"start":{"line":18,"column":79},"end":{"line":18,"column":109}},"9":{"start":{"line":19,"column":12},"end":{"line":21,"column":13}},"10":{"start":{"line":20,"column":16},"end":{"line":20,"column":62}},"11":{"start":{"line":24,"column":26},"end":{"line":24,"column":65}},"12":{"start":{"line":25,"column":12},"end":{"line":25,"column":59}},"13":{"start":{"line":27,"column":12},"end":{"line":27,"column":55}},"14":{"start":{"line":30,"column":32},"end":{"line":30,"column":48}},"15":{"start":{"line":31,"column":12},"end":{"line":31,"column":60}},"16":{"start":{"line":32,"column":12},"end":{"line":32,"column":73}},"17":{"start":{"line":37,"column":12},"end":{"line":37,"column":33}},"18":{"start":{"line":39,"column":12},"end":{"line":39,"column":53}},"19":{"start":{"line":40,"column":12},"end":{"line":40,"column":36}},"20":{"start":{"line":41,"column":12},"end":{"line":41,"column":68}},"21":{"start":{"line":46,"column":8},"end":{"line":60,"column":9}},"22":{"start":{"line":47,"column":12},"end":{"line":47,"column":60}},"23":{"start":{"line":49,"column":12},"end":{"line":49,"column":74}},"24":{"start":{"line":51,"column":29},"end":{"line":51,"column":91}},"25":{"start":{"line":53,"column":12},"end":{"line":53,"column":73}},"26":{"start":{"line":55,"column":12},"end":{"line":55,"column":33}},"27":{"start":{"line":57,"column":12},"end":{"line":57,"column":56}},"28":{"start":{"line":58,"column":12},"end":{"line":58,"column":36}},"29":{"start":{"line":59,"column":12},"end":{"line":59,"column":75}},"30":{"start":{"line":65,"column":22},"end":{"line":65,"column":57}},"31":{"start":{"line":66,"column":8},"end":{"line":68,"column":9}},"32":{"start":{"line":67,"column":12},"end":{"line":67,"column":68}},"33":{"start":{"line":70,"column":8},"end":{"line":70,"column":47}},"34":{"start":{"line":71,"column":8},"end":{"line":71,"column":54}},"35":{"start":{"line":73,"column":8},"end":{"line":97,"column":9}},"36":{"start":{"line":74,"column":29},"end":{"line":80,"column":14}},"37":{"start":{"line":83,"column":33},"end":{"line":83,"column":54}},"38":{"start":{"line":84,"column":12},"end":{"line":84,"column":68}},"39":{"start":{"line":88,"column":12},"end":{"line":90,"column":13}},"40":{"start":{"line":89,"column":16},"end":{"line":89,"column":58}},"41":{"start":{"line":93,"column":12},"end":{"line":93,"column":32}},"42":{"start":{"line":95,"column":12},"end":{"line":95,"column":60}},"43":{"start":{"line":96,"column":12},"end":{"line":96,"column":24}}},"fnMap":{"0":{"name":"(anonymous_0)","decl":{"start":{"line":10,"column":11},"end":{"line":10,"column":12}},"loc":{"start":{"line":10,"column":41},"end":{"line":43,"column":5}},"line":10},"1":{"name":"(anonymous_1)","decl":{"start":{"line":18,"column":69},"end":{"line":18,"column":70}},"loc":{"start":{"line":18,"column":79},"end":{"line":18,"column":109}},"line":18},"2":{"name":"(anonymous_2)","decl":{"start":{"line":45,"column":18},"end":{"line":45,"column":19}},"loc":{"start":{"line":45,"column":54},"end":{"line":61,"column":5}},"line":45},"3":{"name":"(anonymous_3)","decl":{"start":{"line":63,"column":12},"end":{"line":63,"column":13}},"loc":{"start":{"line":63,"column":24},"end":{"line":98,"column":5}},"line":63}},"branchMap":{"0":{"loc":{"start":{"line":19,"column":12},"end":{"line":21,"column":13}},"type":"if","locations":[{"start":{"line":19,"column":12},"end":{"line":21,"column":13}},{"start":{},"end":{}}],"line":19},"1":{"loc":{"start":{"line":41,"column":28},"end":{"line":41,"column":66}},"type":"binary-expr","locations":[{"start":{"line":41,"column":28},"end":{"line":41,"column":48}},{"start":{"line":41,"column":52},"end":{"line":41,"column":66}}],"line":41},"2":{"loc":{"start":{"line":59,"column":28},"end":{"line":59,"column":73}},"type":"binary-expr","locations":[{"start":{"line":59,"column":28},"end":{"line":59,"column":48}},{"start":{"line":59,"column":52},"end":{"line":59,"column":73}}],"line":59},"3":{"loc":{"start":{"line":66,"column":8},"end":{"line":68,"column":9}},"type":"if","locations":[{"start":{"line":66,"column":8},"end":{"line":68,"column":9}},{"start":{},"end":{}}],"line":66},"4":{"loc":{"start":{"line":88,"column":12},"end":{"line":90,"column":13}},"type":"if","locations":[{"start":{"line":88,"column":12},"end":{"line":90,"column":13}},{"start":{},"end":{}}],"line":88}},"s":{"0":2,"1":2,"2":2,"3":2,"4":2,"5":2,"6":1,"7":1,"8":1,"9":1,"10":0,"11":1,"12":1,"13":1,"14":1,"15":1,"16":1,"17":1,"18":1,"19":1,"20":1,"21":2,"22":2,"23":2,"24":2,"25":1,"26":1,"27":1,"28":1,"29":1,"30":2,"31":2,"32":1,"33":1,"34":1,"35":1,"36":1,"37":0,"38":0,"39":0,"40":0,"41":0,"42":1,"43":1},"f":{"0":2,"1":1,"2":2,"3":2},"b":{"0":[0,1],"1":[1,0],"2":[1,0],"3":[1,1],"4":[0,0]},"_coverageSchema":"1a1c01bbd47fc00a2c39e90264f33305004495a9","hash":"1744a2a89d46eb18beffe868c7482c7fd03e62d0"}
,"C:\\Users\\Felipe Castiblanco\\Desktop\\GlaucomApp-frontend\\src\\utils\\download\\imageDownloader.js": {"path":"C:\\Users\\Felipe Castiblanco\\Desktop\\GlaucomApp-frontend\\src\\utils\\download\\imageDownloader.js","statementMap":{"0":{"start":{"line":4,"column":29},"end":{"line":19,"column":1}},"1":{"start":{"line":5,"column":4},"end":{"line":18,"column":5}},"2":{"start":{"line":6,"column":8},"end":{"line":12,"column":9}},"3":{"start":{"line":7,"column":28},"end":{"line":7,"column":80}},"4":{"start":{"line":8,"column":28},"end":{"line":8,"column":77}},"5":{"start":{"line":9,"column":12},"end":{"line":9,"column":34}},"6":{"start":{"line":11,"column":12},"end":{"line":11,"column":39}},"7":{"start":{"line":14,"column":8},"end":{"line":14,"column":57}},"8":{"start":{"line":15,"column":8},"end":{"line":15,"column":64}},"9":{"start":{"line":17,"column":8},"end":{"line":17,"column":26}}},"fnMap":{"0":{"name":"(anonymous_0)","decl":{"start":{"line":4,"column":29},"end":{"line":4,"column":30}},"loc":{"start":{"line":4,"column":79},"end":{"line":19,"column":1}},"line":4}},"branchMap":{"0":{"loc":{"start":{"line":6,"column":8},"end":{"line":12,"column":9}},"type":"if","locations":[{"start":{"line":6,"column":8},"end":{"line":12,"column":9}},{"start":{"line":10,"column":15},"end":{"line":12,"column":9}}],"line":6},"1":{"loc":{"start":{"line":6,"column":12},"end":{"line":6,"column":91}},"type":"binary-expr","locations":[{"start":{"line":6,"column":12},"end":{"line":6,"column":20}},{"start":{"line":6,"column":25},"end":{"line":6,"column":55}},{"start":{"line":6,"column":59},"end":{"line":6,"column":90}}],"line":6}},"s":{"0":2,"1":3,"2":3,"3":2,"4":2,"5":1,"6":1,"7":1,"8":1,"9":3},"f":{"0":3},"b":{"0":[2,1],"1":[3,3,3]},"_coverageSchema":"1a1c01bbd47fc00a2c39e90264f33305004495a9","hash":"1d8952734aee03de5ecc8a94cd496db53529cb41"}
,"C:\\Users\\Felipe Castiblanco\\Desktop\\GlaucomApp-frontend\\src\\utils\\messages\\errorMessages.js": {"path":"C:\\Users\\Felipe Castiblanco\\Desktop\\GlaucomApp-frontend\\src\\utils\\messages\\errorMessages.js","statementMap":{"0":{"start":{"line":3,"column":25},"end":{"line":29,"column":1}},"1":{"start":{"line":4,"column":4},"end":{"line":28,"column":5}},"2":{"start":{"line":5,"column":8},"end":{"line":5,"column":114}},"3":{"start":{"line":6,"column":11},"end":{"line":28,"column":5}},"4":{"start":{"line":7,"column":8},"end":{"line":25,"column":9}},"5":{"start":{"line":9,"column":16},"end":{"line":9,"column":110}},"6":{"start":{"line":10,"column":16},"end":{"line":10,"column":22}},"7":{"start":{"line":12,"column":16},"end":{"line":12,"column":92}},"8":{"start":{"line":13,"column":16},"end":{"line":13,"column":22}},"9":{"start":{"line":15,"column":16},"end":{"line":15,"column":91}},"10":{"start":{"line":16,"column":16},"end":{"line":16,"column":22}},"11":{"start":{"line":18,"column":16},"end":{"line":18,"column":71}},"12":{"start":{"line":19,"column":16},"end":{"line":19,"column":22}},"13":{"start":{"line":21,"column":16},"end":{"line":21,"column":105}},"14":{"start":{"line":22,"column":16},"end":{"line":22,"column":22}},"15":{"start":{"line":24,"column":16},"end":{"line":24,"column":105}},"16":{"start":{"line":27,"column":8},"end":{"line":27,"column":86}}},"fnMap":{"0":{"name":"(anonymous_0)","decl":{"start":{"line":3,"column":25},"end":{"line":3,"column":26}},"loc":{"start":{"line":3,"column":36},"end":{"line":29,"column":1}},"line":3}},"branchMap":{"0":{"loc":{"start":{"line":4,"column":4},"end":{"line":28,"column":5}},"type":"if","locations":[{"start":{"line":4,"column":4},"end":{"line":28,"column":5}},{"start":{"line":6,"column":11},"end":{"line":28,"column":5}}],"line":4},"1":{"loc":{"start":{"line":6,"column":11},"end":{"line":28,"column":5}},"type":"if","locations":[{"start":{"line":6,"column":11},"end":{"line":28,"column":5}},{"start":{"line":26,"column":11},"end":{"line":28,"column":5}}],"line":6},"2":{"loc":{"start":{"line":7,"column":8},"end":{"line":25,"column":9}},"type":"switch","locations":[{"start":{"line":8,"column":12},"end":{"line":10,"column":22}},{"start":{"line":11,"column":12},"end":{"line":13,"column":22}},{"start":{"line":14,"column":12},"end":{"line":16,"column":22}},{"start":{"line":17,"column":12},"end":{"line":19,"column":22}},{"start":{"line":20,"column":12},"end":{"line":22,"column":22}},{"start":{"line":23,"column":12},"end":{"line":24,"column":105}}],"line":7},"3":{"loc":{"start":{"line":9,"column":52},"end":{"line":9,"column":108}},"type":"binary-expr","locations":[{"start":{"line":9,"column":52},"end":{"line":9,"column":79}},{"start":{"line":9,"column":83},"end":{"line":9,"column":108}}],"line":9},"4":{"loc":{"start":{"line":24,"column":37},"end":{"line":24,"column":103}},"type":"binary-expr","locations":[{"start":{"line":24,"column":37},"end":{"line":24,"column":64}},{"start":{"line":24,"column":68},"end":{"line":24,"column":103}}],"line":24}},"s":{"0":4,"1":9,"2":1,"3":8,"4":7,"5":2,"6":2,"7":1,"8":1,"9":1,"10":1,"11":1,"12":1,"13":1,"14":1,"15":1,"16":1},"f":{"0":9},"b":{"0":[1,8],"1":[7,1],"2":[2,1,1,1,1,1],"3":[2,1],"4":[1,0]},"_coverageSchema":"1a1c01bbd47fc00a2c39e90264f33305004495a9","hash":"6d5a07615f0bdf276d214939ee0939b4a8c097a2"}
,"C:\\Users\\Felipe Castiblanco\\Desktop\\GlaucomApp-frontend\\src\\validationSchemas\\login.js": {"path":"C:\\Users\\Felipe Castiblanco\\Desktop\\GlaucomApp-frontend\\src\\validationSchemas\\login.js","statementMap":{"0":{"start":{"line":3,"column":27},"end":{"line":11,"column":2}}},"fnMap":{},"branchMap":{},"s":{"0":1},"f":{},"b":{},"_coverageSchema":"1a1c01bbd47fc00a2c39e90264f33305004495a9","hash":"60c926f36e50372a22ea9c7d02fbe75b18efa84a"}
}
