TN:
SF:assets\icons\frame.png
FNF:0
FNH:0
DA:1,1
LF:1
LH:1
BRF:0
BRH:0
end_of_record
TN:
SF:assets\images\logo.png
FNF:0
FNH:0
DA:1,2
LF:1
LH:1
BRF:0
BRH:0
end_of_record
TN:
SF:src\components\auth\InputField.jsx
FN:6,(anonymous_0)
FN:10,(anonymous_1)
FN:24,(anonymous_2)
FNF:3
FNH:2
FNDA:44,(anonymous_0)
FNDA:0,(anonymous_1)
FNDA:4,(anonymous_2)
DA:6,1
DA:7,44
DA:8,44
DA:10,44
DA:11,0
DA:12,0
DA:16,44
DA:24,4
DA:42,1
LF:9
LH:7
BRDA:6,0,0,22
BRDA:11,1,0,0
BRDA:11,1,1,0
BRDA:30,2,0,22
BRDA:30,2,1,22
BRDA:37,3,0,44
BRDA:37,3,1,4
BRF:7
BRH:5
end_of_record
TN:
SF:src\components\auth\LogoHeader.jsx
FN:4,(anonymous_0)
FNF:1
FNH:1
FNDA:25,(anonymous_0)
DA:4,2
DA:5,25
DA:22,2
LF:3
LH:3
BRF:0
BRH:0
end_of_record
TN:
SF:src\components\auth\TextLink.jsx
FN:4,(anonymous_0)
FNF:1
FNH:1
FNDA:25,(anonymous_0)
DA:4,2
DA:5,25
DA:12,2
LF:3
LH:3
BRF:0
BRH:0
end_of_record
TN:
SF:src\components\home\DataDisplay.jsx
FN:4,(anonymous_0)
FNF:1
FNH:1
FNDA:3,(anonymous_0)
DA:4,1
DA:5,3
DA:13,1
LF:3
LH:3
BRF:0
BRH:0
end_of_record
TN:
SF:src\components\home\ImageDisplay.jsx
FN:4,(anonymous_0)
FNF:1
FNH:1
FNDA:10,(anonymous_0)
DA:4,2
DA:5,10
DA:14,2
LF:3
LH:3
BRDA:6,0,0,4
BRDA:6,0,1,6
BRF:2
BRH:2
end_of_record
TN:
SF:src\components\home\ImageSelector.jsx
FN:4,(anonymous_0)
FNF:1
FNH:1
FNDA:15,(anonymous_0)
DA:4,2
DA:5,15
DA:11,2
LF:3
LH:3
BRF:0
BRH:0
end_of_record
TN:
SF:src\components\home\ResultMessage.jsx
FN:5,(anonymous_0)
FNF:1
FNH:1
FNDA:2,(anonymous_0)
DA:5,1
DA:6,2
DA:18,1
LF:3
LH:3
BRDA:7,0,0,1
BRDA:7,0,1,1
BRDA:9,1,0,1
BRDA:9,1,1,1
BRDA:11,2,0,1
BRDA:11,2,1,1
BRDA:14,3,0,1
BRDA:14,3,1,1
BRF:8
BRH:8
end_of_record
TN:
SF:src\components\patient\PatientItem.jsx
FN:4,(anonymous_0)
FNF:1
FNH:1
FNDA:15,(anonymous_0)
DA:4,2
DA:5,15
DA:15,2
LF:3
LH:3
BRF:0
BRH:0
end_of_record
TN:
SF:src\components\patient\PatientList.jsx
FN:7,(anonymous_0)
FN:8,(anonymous_1)
FN:12,(anonymous_2)
FN:19,(anonymous_3)
FNF:4
FNH:4
FNDA:4,(anonymous_0)
FNDA:12,(anonymous_1)
FNDA:1,(anonymous_2)
FNDA:16,(anonymous_3)
DA:7,1
DA:8,4
DA:9,12
DA:12,1
DA:16,4
DA:19,16
LF:6
LH:6
BRDA:24,0,0,1
BRDA:24,0,1,3
BRF:2
BRH:2
end_of_record
TN:
SF:src\components\shared\LoadingIndicator.jsx
FN:4,(anonymous_0)
FNF:1
FNH:1
FNDA:2,(anonymous_0)
DA:4,2
DA:5,2
DA:11,2
LF:3
LH:3
BRF:0
BRH:0
end_of_record
TN:
SF:src\components\shared\MainHeader.jsx
FN:4,(anonymous_0)
FNF:1
FNH:1
FNDA:6,(anonymous_0)
DA:4,2
DA:5,6
DA:11,2
LF:3
LH:3
BRF:0
BRH:0
end_of_record
TN:
SF:src\components\shared\PrimaryButton.jsx
FN:4,(anonymous_0)
FNF:1
FNH:1
FNDA:41,(anonymous_0)
DA:4,3
DA:5,41
DA:12,3
LF:3
LH:3
BRF:0
BRH:0
end_of_record
TN:
SF:src\hooks\useBackExit.js
FN:5,useBackExit
FN:8,(anonymous_1)
FN:9,(anonymous_2)
FN:16,(anonymous_3)
FN:29,(anonymous_4)
FNF:5
FNH:3
FNDA:4,useBackExit
FNDA:4,(anonymous_1)
FNDA:0,(anonymous_2)
FNDA:0,(anonymous_3)
FNDA:4,(anonymous_4)
DA:6,4
DA:8,4
DA:9,4
DA:10,0
DA:11,0
DA:16,0
DA:20,0
DA:22,0
DA:25,4
DA:26,4
DA:29,4
DA:30,4
LF:12
LH:7
BRDA:10,0,0,0
BRDA:10,0,1,0
BRDA:25,1,0,4
BRDA:25,1,1,0
BRF:4
BRH:1
end_of_record
TN:
SF:src\screens\authScreens\LoginScreen.jsx
FN:16,LoginScreen
FN:17,(anonymous_1)
FN:28,(anonymous_2)
FN:46,(anonymous_3)
FNF:4
FNH:4
FNDA:4,LoginScreen
FNDA:2,(anonymous_1)
FNDA:22,(anonymous_2)
FNDA:1,(anonymous_3)
DA:11,1
DA:17,4
DA:18,2
DA:19,2
DA:20,1
DA:22,1
DA:26,4
DA:29,22
DA:46,1
DA:54,1
LF:10
LH:10
BRF:0
BRH:0
end_of_record
TN:
SF:src\screens\homeScreens\AnalyzeScreen.jsx
FN:7,(anonymous_0)
FN:12,(anonymous_1)
FN:31,(anonymous_2)
FN:48,(anonymous_3)
FNF:4
FNH:4
FNDA:8,(anonymous_0)
FNDA:4,(anonymous_1)
FNDA:2,(anonymous_2)
FNDA:1,(anonymous_3)
DA:7,1
DA:8,8
DA:9,8
DA:10,8
DA:12,8
DA:13,4
DA:31,8
DA:32,2
DA:33,1
DA:35,1
DA:39,8
DA:40,4
DA:43,8
DA:48,1
DA:54,1
LF:15
LH:15
BRDA:32,0,0,1
BRDA:32,0,1,1
BRDA:39,1,0,4
BRDA:39,1,1,4
BRF:4
BRH:4
end_of_record
TN:
SF:src\screens\homeScreens\HomeScreen.jsx
FN:11,(anonymous_0)
FN:16,(anonymous_1)
FN:17,(anonymous_2)
FN:31,(anonymous_3)
FN:36,(anonymous_4)
FN:41,(anonymous_5)
FNF:6
FNH:6
FNDA:4,(anonymous_0)
FNDA:4,(anonymous_1)
FNDA:4,(anonymous_2)
FNDA:1,(anonymous_3)
FNDA:1,(anonymous_4)
FNDA:1,(anonymous_5)
DA:11,1
DA:12,4
DA:14,4
DA:16,4
DA:17,4
DA:18,4
DA:19,4
DA:20,0
DA:23,4
DA:26,4
DA:31,1
DA:36,1
DA:41,1
DA:50,1
LF:14
LH:13
BRDA:19,0,0,0
BRDA:19,0,1,4
BRF:2
BRH:1
end_of_record
TN:
SF:src\services\accountApi.js
FN:5,deleteAccount
FNF:1
FNH:1
FNDA:4,deleteAccount
DA:7,4
DA:8,4
DA:9,1
DA:12,3
DA:13,3
DA:15,3
DA:16,3
DA:25,2
DA:26,2
DA:30,2
DA:31,1
DA:35,1
DA:37,2
DA:38,2
LF:14
LH:14
BRDA:8,0,0,1
BRDA:8,0,1,3
BRDA:30,1,0,1
BRDA:30,1,1,1
BRF:4
BRH:4
end_of_record
TN:
SF:src\services\authApi.js
FN:10,(anonymous_0)
FN:18,(anonymous_1)
FN:45,(anonymous_2)
FN:63,(anonymous_3)
FNF:4
FNH:4
FNDA:2,(anonymous_0)
FNDA:1,(anonymous_1)
FNDA:2,(anonymous_2)
FNDA:2,(anonymous_3)
DA:6,2
DA:7,2
DA:9,2
DA:11,2
DA:12,2
DA:13,2
DA:15,1
DA:18,1
DA:19,1
DA:20,0
DA:24,1
DA:25,1
DA:27,1
DA:30,1
DA:31,1
DA:32,1
DA:37,1
DA:39,1
DA:40,1
DA:41,1
DA:46,2
DA:47,2
DA:49,2
DA:51,2
DA:53,1
DA:55,1
DA:57,1
DA:58,1
DA:59,1
DA:65,2
DA:66,2
DA:67,1
DA:70,1
DA:71,1
DA:73,1
DA:74,1
DA:83,0
DA:84,0
DA:88,0
DA:89,0
DA:93,0
DA:95,1
DA:96,1
LF:43
LH:37
BRDA:19,0,0,0
BRDA:19,0,1,1
BRDA:41,1,0,1
BRDA:41,1,1,0
BRDA:59,2,0,1
BRDA:59,2,1,0
BRDA:66,3,0,1
BRDA:66,3,1,1
BRDA:88,4,0,0
BRDA:88,4,1,0
BRF:10
BRH:5
end_of_record
TN:
SF:src\utils\download\imageDownloader.js
FN:4,(anonymous_0)
FNF:1
FNH:1
FNDA:3,(anonymous_0)
DA:4,2
DA:5,3
DA:6,3
DA:7,2
DA:8,2
DA:9,1
DA:11,1
DA:14,1
DA:15,1
DA:17,3
LF:10
LH:10
BRDA:6,0,0,2
BRDA:6,0,1,1
BRDA:6,1,0,3
BRDA:6,1,1,3
BRDA:6,1,2,3
BRF:5
BRH:5
end_of_record
TN:
SF:src\utils\messages\errorMessages.js
FN:3,(anonymous_0)
FNF:1
FNH:1
FNDA:9,(anonymous_0)
DA:3,4
DA:4,9
DA:5,1
DA:6,8
DA:7,7
DA:9,2
DA:10,2
DA:12,1
DA:13,1
DA:15,1
DA:16,1
DA:18,1
DA:19,1
DA:21,1
DA:22,1
DA:24,1
DA:27,1
LF:17
LH:17
BRDA:4,0,0,1
BRDA:4,0,1,8
BRDA:6,1,0,7
BRDA:6,1,1,1
BRDA:7,2,0,2
BRDA:7,2,1,1
BRDA:7,2,2,1
BRDA:7,2,3,1
BRDA:7,2,4,1
BRDA:7,2,5,1
BRDA:9,3,0,2
BRDA:9,3,1,1
BRDA:24,4,0,1
BRDA:24,4,1,0
BRF:14
BRH:13
end_of_record
TN:
SF:src\validationSchemas\login.js
FNF:0
FNH:0
DA:3,1
LF:1
LH:1
BRF:0
BRH:0
end_of_record
